2018-09-13 06:56:32.743 INFO  (main) [   ] o.e.j.u.log Logging initialized @337ms
2018-09-13 06:56:32.943 INFO  (main) [   ] o.e.j.s.Server jetty-9.3.8.v20160314
2018-09-13 06:56:32.960 INFO  (main) [   ] o.e.j.d.p.ScanningAppProvider Deployment monitor [file:///home/akash/Documents/News_ApacheSolr/solr-6.0.0/server/contexts/] at interval 0
2018-09-13 06:56:33.219 INFO  (main) [   ] o.e.j.w.StandardDescriptorProcessor NO JSP Support for /solr, did not find org.apache.jasper.servlet.JspServlet
2018-09-13 06:56:33.230 WARN  (main) [   ] o.e.j.s.SecurityHandler ServletContext@o.e.j.w.WebAppContext@5383967b{/solr,file:///home/akash/Documents/News_ApacheSolr/solr-6.0.0/server/solr-webapp/webapp/,STARTING}{/home/akash/Documents/News_ApacheSolr/solr-6.0.0/server/solr-webapp/webapp} has uncovered http methods for path: /
2018-09-13 06:56:33.238 INFO  (main) [   ] o.a.s.s.SolrDispatchFilter SolrDispatchFilter.init(): WebAppClassLoader=1465085305@57536d79
2018-09-13 06:56:33.253 INFO  (main) [   ] o.a.s.c.SolrResourceLoader JNDI not configured for solr (NoInitialContextEx)
2018-09-13 06:56:33.253 INFO  (main) [   ] o.a.s.c.SolrResourceLoader using system property solr.solr.home: /home/akash/Documents/News_ApacheSolr/solr-6.0.0/server/solr
2018-09-13 06:56:33.253 INFO  (main) [   ] o.a.s.c.SolrResourceLoader new SolrResourceLoader for directory: '/home/akash/Documents/News_ApacheSolr/solr-6.0.0/server/solr'
2018-09-13 06:56:33.254 INFO  (main) [   ] o.a.s.c.SolrResourceLoader JNDI not configured for solr (NoInitialContextEx)
2018-09-13 06:56:33.254 INFO  (main) [   ] o.a.s.c.SolrResourceLoader using system property solr.solr.home: /home/akash/Documents/News_ApacheSolr/solr-6.0.0/server/solr
2018-09-13 06:56:33.259 INFO  (main) [   ] o.a.s.c.SolrXmlConfig Loading container configuration from /home/akash/Documents/News_ApacheSolr/solr-6.0.0/server/solr/solr.xml
2018-09-13 06:56:33.329 INFO  (main) [   ] o.a.s.c.CorePropertiesLocator Config-defined core root directory: /home/akash/Documents/News_ApacheSolr/solr-6.0.0/server/solr
2018-09-13 06:56:33.353 INFO  (main) [   ] o.a.s.c.CoreContainer New CoreContainer 1658926803
2018-09-13 06:56:33.353 INFO  (main) [   ] o.a.s.c.CoreContainer Loading cores into CoreContainer [instanceDir=/home/akash/Documents/News_ApacheSolr/solr-6.0.0/server/solr]
2018-09-13 06:56:33.353 WARN  (main) [   ] o.a.s.c.CoreContainer Couldn't add files from /home/akash/Documents/News_ApacheSolr/solr-6.0.0/server/solr/lib to classpath: /home/akash/Documents/News_ApacheSolr/solr-6.0.0/server/solr/lib
2018-09-13 06:56:33.363 INFO  (main) [   ] o.a.s.h.c.HttpShardHandlerFactory created with socketTimeout : 600000,connTimeout : 60000,maxConnectionsPerHost : 20,maxConnections : 10000,corePoolSize : 0,maximumPoolSize : 2147483647,maxThreadIdleTime : 5,sizeOfQueue : -1,fairnessPolicy : false,useRetries : false,
2018-09-13 06:56:33.721 INFO  (main) [   ] o.a.s.u.UpdateShardHandler Creating UpdateShardHandler HTTP client with params: socketTimeout=600000&connTimeout=60000&retry=true
2018-09-13 06:56:33.724 INFO  (main) [   ] o.a.s.l.LogWatcher SLF4J impl is org.slf4j.impl.Log4jLoggerFactory
2018-09-13 06:56:33.725 INFO  (main) [   ] o.a.s.l.LogWatcher Registering Log Listener [Log4j (org.slf4j.impl.Log4jLoggerFactory)]
2018-09-13 06:56:33.727 INFO  (main) [   ] o.a.s.c.CoreContainer Security conf doesn't exist. Skipping setup for authorization module.
2018-09-13 06:56:33.727 INFO  (main) [   ] o.a.s.c.CoreContainer No authentication plugin used.
2018-09-13 06:56:33.759 INFO  (main) [   ] o.a.s.c.CorePropertiesLocator Looking for core definitions underneath /home/akash/Documents/News_ApacheSolr/solr-6.0.0/server/solr
2018-09-13 06:56:33.763 INFO  (main) [   ] o.a.s.c.CoreDescriptor Created CoreDescriptor: {name=news_lookup, config=solrconfig.xml, loadOnStartup=true, schema=schema.xml, configSetProperties=configsetprops.json, transient=false, dataDir=data/}
2018-09-13 06:56:33.763 INFO  (main) [   ] o.a.s.c.CorePropertiesLocator Found core news_lookup in /home/akash/Documents/News_ApacheSolr/solr-6.0.0/server/solr/news_lookup
2018-09-13 06:56:33.769 INFO  (main) [   ] o.a.s.c.CorePropertiesLocator Found 1 core definitions
2018-09-13 06:56:33.775 INFO  (coreLoadExecutor-6-thread-1) [   ] o.a.s.c.SolrResourceLoader new SolrResourceLoader for directory: '/home/akash/Documents/News_ApacheSolr/solr-6.0.0/server/solr/news_lookup'
2018-09-13 06:56:33.775 INFO  (main) [   ] o.a.s.s.SolrDispatchFilter user.dir=/home/akash/Documents/News_ApacheSolr/solr-6.0.0/server
2018-09-13 06:56:33.775 INFO  (coreLoadExecutor-6-thread-1) [   ] o.a.s.c.SolrResourceLoader JNDI not configured for solr (NoInitialContextEx)
2018-09-13 06:56:33.775 INFO  (main) [   ] o.a.s.s.SolrDispatchFilter SolrDispatchFilter.init() done
2018-09-13 06:56:33.775 INFO  (coreLoadExecutor-6-thread-1) [   ] o.a.s.c.SolrResourceLoader using system property solr.solr.home: /home/akash/Documents/News_ApacheSolr/solr-6.0.0/server/solr
2018-09-13 06:56:33.790 INFO  (main) [   ] o.e.j.s.h.ContextHandler Started o.e.j.w.WebAppContext@5383967b{/solr,file:///home/akash/Documents/News_ApacheSolr/solr-6.0.0/server/solr-webapp/webapp/,AVAILABLE}{/home/akash/Documents/News_ApacheSolr/solr-6.0.0/server/solr-webapp/webapp}
2018-09-13 06:56:33.801 INFO  (main) [   ] o.e.j.s.ServerConnector Started ServerConnector@7a8c8dcf{HTTP/1.1,[http/1.1]}{0.0.0.0:8983}
2018-09-13 06:56:33.801 INFO  (main) [   ] o.e.j.s.Server Started @1397ms
2018-09-13 06:56:33.807 INFO  (coreLoadExecutor-6-thread-1) [   ] o.a.s.c.SolrConfig current version of requestparams : -1
2018-09-13 06:56:33.843 INFO  (coreLoadExecutor-6-thread-1) [   ] o.a.s.u.SolrIndexConfig IndexWriter infoStream solr logging is enabled
2018-09-13 06:56:33.849 INFO  (coreLoadExecutor-6-thread-1) [   ] o.a.s.c.SolrConfig Using Lucene MatchVersion: 6.0.0
2018-09-13 06:56:33.952 INFO  (coreLoadExecutor-6-thread-1) [   ] o.a.s.c.SolrConfig Loaded SolrConfig: solrconfig.xml
2018-09-13 06:56:33.996 INFO  (coreLoadExecutor-6-thread-1) [   ] o.a.s.s.IndexSchema [news_lookup] Schema name=example
2018-09-13 06:56:34.297 INFO  (coreLoadExecutor-6-thread-1) [   ] o.a.s.s.IndexSchema unique key field: id
2018-09-13 06:56:34.393 INFO  (coreLoadExecutor-6-thread-1) [   ] o.a.s.s.FileExchangeRateProvider Reloading exchange rates from file currency.xml
2018-09-13 06:56:34.400 INFO  (coreLoadExecutor-6-thread-1) [   ] o.a.s.s.FileExchangeRateProvider Reloading exchange rates from file currency.xml
2018-09-13 06:56:34.408 INFO  (coreLoadExecutor-6-thread-1) [   ] o.a.s.c.ConfigSetProperties Did not find ConfigSet properties, assuming default properties: Can't find resource 'configsetprops.json' in classpath or '/home/akash/Documents/News_ApacheSolr/solr-6.0.0/server/solr/news_lookup'
2018-09-13 06:56:34.408 INFO  (coreLoadExecutor-6-thread-1) [   ] o.a.s.c.CoreContainer Creating SolrCore 'news_lookup' using configuration from instancedir /home/akash/Documents/News_ApacheSolr/solr-6.0.0/server/solr/news_lookup
2018-09-13 06:56:34.426 INFO  (coreLoadExecutor-6-thread-1) [   x:news_lookup] o.a.s.c.SolrCore solr.NRTCachingDirectoryFactory
2018-09-13 06:56:34.436 INFO  (coreLoadExecutor-6-thread-1) [   x:news_lookup] o.a.s.c.SolrCore [[news_lookup] ] Opening new SolrCore at [/home/akash/Documents/News_ApacheSolr/solr-6.0.0/server/solr/news_lookup], dataDir=[/home/akash/Documents/News_ApacheSolr/solr-6.0.0/server/solr/news_lookup/data/]
2018-09-13 06:56:34.438 INFO  (coreLoadExecutor-6-thread-1) [   x:news_lookup] o.a.s.c.JmxMonitoredMap No JMX servers found, not exposing Solr information with JMX.
2018-09-13 06:56:34.441 INFO  (coreLoadExecutor-6-thread-1) [   x:news_lookup] o.a.s.c.SchemaCodecFactory Using default compressionMode: BEST_SPEED
2018-09-13 06:56:34.504 INFO  (coreLoadExecutor-6-thread-1) [   x:news_lookup] o.a.s.c.CachingDirectoryFactory return new directory for /home/akash/Documents/News_ApacheSolr/solr-6.0.0/server/solr/news_lookup/data
2018-09-13 06:56:34.505 INFO  (coreLoadExecutor-6-thread-1) [   x:news_lookup] o.a.s.c.SolrCore New index directory detected: old=null new=/home/akash/Documents/News_ApacheSolr/solr-6.0.0/server/solr/news_lookup/data/index/
2018-09-13 06:56:34.505 WARN  (coreLoadExecutor-6-thread-1) [   x:news_lookup] o.a.s.c.SolrCore [news_lookup] Solr index directory '/home/akash/Documents/News_ApacheSolr/solr-6.0.0/server/solr/news_lookup/data/index' doesn't exist. Creating new index...
2018-09-13 06:56:34.514 INFO  (coreLoadExecutor-6-thread-1) [   x:news_lookup] o.a.s.c.CachingDirectoryFactory return new directory for /home/akash/Documents/News_ApacheSolr/solr-6.0.0/server/solr/news_lookup/data/index
2018-09-13 06:56:34.567 INFO  (coreLoadExecutor-6-thread-1) [   x:news_lookup] o.a.s.c.SolrDeletionPolicy SolrDeletionPolicy.onCommit: commits: num=1
	commit{dir=NRTCachingDirectory(MMapDirectory@/home/akash/Documents/News_ApacheSolr/solr-6.0.0/server/solr/news_lookup/data/index lockFactory=org.apache.lucene.store.NativeFSLockFactory@56ec1450; maxCacheMB=48.0 maxMergeSizeMB=4.0),segFN=segments_1,generation=1}
2018-09-13 06:56:34.568 INFO  (coreLoadExecutor-6-thread-1) [   x:news_lookup] o.a.s.c.SolrDeletionPolicy newest commit generation = 1
2018-09-13 06:56:34.569 INFO  (OldIndexDirectoryCleanupThreadForCore-news_lookup) [   x:news_lookup] o.a.s.c.SolrCore Looking for old index directories to cleanup for core news_lookup in /home/akash/Documents/News_ApacheSolr/solr-6.0.0/server/solr/news_lookup/data/
2018-09-13 06:56:34.654 INFO  (coreLoadExecutor-6-thread-1) [   x:news_lookup] o.a.s.c.SolrCore no updateRequestProcessorChain defined as default, creating implicit default
2018-09-13 06:56:34.677 INFO  (coreLoadExecutor-6-thread-1) [   x:news_lookup] o.a.s.h.l.XMLLoader xsltCacheLifetimeSeconds=60
2018-09-13 06:56:34.679 INFO  (coreLoadExecutor-6-thread-1) [   x:news_lookup] o.a.s.h.l.XMLLoader xsltCacheLifetimeSeconds=60
2018-09-13 06:56:34.680 INFO  (coreLoadExecutor-6-thread-1) [   x:news_lookup] o.a.s.h.l.XMLLoader xsltCacheLifetimeSeconds=60
2018-09-13 06:56:34.681 INFO  (coreLoadExecutor-6-thread-1) [   x:news_lookup] o.a.s.h.l.XMLLoader xsltCacheLifetimeSeconds=60
2018-09-13 06:56:34.735 INFO  (coreLoadExecutor-6-thread-1) [   x:news_lookup] o.a.s.c.PluginBag requestHandler : '/analysis/field' created with startup=lazy 
2018-09-13 06:56:34.735 INFO  (coreLoadExecutor-6-thread-1) [   x:news_lookup] o.a.s.c.PluginBag requestHandler : '/analysis/document' created with startup=lazy 
2018-09-13 06:56:34.736 INFO  (coreLoadExecutor-6-thread-1) [   x:news_lookup] o.a.s.c.PluginBag requestHandler : '/terms' created with startup=lazy 
2018-09-13 06:56:34.737 INFO  (coreLoadExecutor-6-thread-1) [   x:news_lookup] o.a.s.c.RequestHandlers Registered paths: /admin/mbeans,/update/json/docs,/admin/luke,/export,/get,/admin/properties,/update/json,/admin/threads,/query,/analysis/field,/analysis/document,/update/csv,/sql,/select,/admin/segments,/admin/system,/replication,/config,/stream,/schema,/admin/plugins,/admin/logging,/admin/ping,/update,/admin/file,/debug/dump,/terms
2018-09-13 06:56:34.737 INFO  (coreLoadExecutor-6-thread-1) [   x:news_lookup] o.a.s.c.SolrCore Using default statsCache cache: org.apache.solr.search.stats.LocalStatsCache
2018-09-13 06:56:34.745 INFO  (coreLoadExecutor-6-thread-1) [   x:news_lookup] o.a.s.u.UpdateHandler Using UpdateLog implementation: org.apache.solr.update.UpdateLog
2018-09-13 06:56:34.745 INFO  (coreLoadExecutor-6-thread-1) [   x:news_lookup] o.a.s.u.UpdateLog Initializing UpdateLog: dataDir= defaultSyncLevel=FLUSH numRecordsToKeep=100 maxNumLogsToKeep=10 numVersionBuckets=65536
2018-09-13 06:56:34.760 INFO  (coreLoadExecutor-6-thread-1) [   x:news_lookup] o.a.s.u.CommitTracker Hard AutoCommit: if uncommited for 15000ms; 
2018-09-13 06:56:34.760 INFO  (coreLoadExecutor-6-thread-1) [   x:news_lookup] o.a.s.u.CommitTracker Soft AutoCommit: disabled
2018-09-13 06:56:34.766 INFO  (coreLoadExecutor-6-thread-1) [   x:news_lookup] o.a.s.c.SolrDeletionPolicy SolrDeletionPolicy.onInit: commits: num=1
	commit{dir=NRTCachingDirectory(MMapDirectory@/home/akash/Documents/News_ApacheSolr/solr-6.0.0/server/solr/news_lookup/data/index lockFactory=org.apache.lucene.store.NativeFSLockFactory@56ec1450; maxCacheMB=48.0 maxMergeSizeMB=4.0),segFN=segments_1,generation=1}
2018-09-13 06:56:34.767 INFO  (coreLoadExecutor-6-thread-1) [   x:news_lookup] o.a.s.c.SolrDeletionPolicy newest commit generation = 1
2018-09-13 06:56:34.777 INFO  (coreLoadExecutor-6-thread-1) [   x:news_lookup] o.a.s.s.SolrIndexSearcher Opening [Searcher@4bb75070[news_lookup] main]
2018-09-13 06:56:34.783 INFO  (coreLoadExecutor-6-thread-1) [   x:news_lookup] o.a.s.r.ManagedResourceStorage File-based storage initialized to use dir: /home/akash/Documents/News_ApacheSolr/solr-6.0.0/server/solr/news_lookup/conf
2018-09-13 06:56:34.783 INFO  (coreLoadExecutor-6-thread-1) [   x:news_lookup] o.a.s.r.RestManager Initializing RestManager with initArgs: {storageDir=/home/akash/Documents/News_ApacheSolr/solr-6.0.0/server/solr/news_lookup/conf}
2018-09-13 06:56:34.796 INFO  (coreLoadExecutor-6-thread-1) [   x:news_lookup] o.a.s.r.ManagedResourceStorage Reading _rest_managed.json using file:dir=/home/akash/Documents/News_ApacheSolr/solr-6.0.0/server/solr/news_lookup/conf
2018-09-13 06:56:34.796 INFO  (coreLoadExecutor-6-thread-1) [   x:news_lookup] o.a.s.r.ManagedResourceStorage Loaded LinkedHashMap at path _rest_managed.json using file:dir=/home/akash/Documents/News_ApacheSolr/solr-6.0.0/server/solr/news_lookup/conf
2018-09-13 06:56:34.797 INFO  (coreLoadExecutor-6-thread-1) [   x:news_lookup] o.a.s.r.ManagedResource Loaded initArgs {} for /rest/managed
2018-09-13 06:56:34.797 INFO  (coreLoadExecutor-6-thread-1) [   x:news_lookup] o.a.s.r.RestManager Initializing 0 registered ManagedResources
2018-09-13 06:56:34.806 INFO  (coreLoadExecutor-6-thread-1) [   x:news_lookup] o.a.s.h.ReplicationHandler Commits will be reserved for  10000
2018-09-13 06:56:34.818 INFO  (searcherExecutor-7-thread-1-processing-x:news_lookup) [   x:news_lookup] o.a.s.c.SolrCore [news_lookup] Registered new searcher Searcher@4bb75070[news_lookup] main{ExitableDirectoryReader(UninvertingDirectoryReader())}
2018-09-13 06:56:34.819 INFO  (coreLoadExecutor-6-thread-1) [   x:news_lookup] o.a.s.u.UpdateLog Looking up max value of version field to seed version buckets
2018-09-13 06:56:34.820 INFO  (coreLoadExecutor-6-thread-1) [   x:news_lookup] o.a.s.u.VersionInfo Refreshing highest value of _version_ for 65536 version buckets from index
2018-09-13 06:56:34.820 INFO  (coreLoadExecutor-6-thread-1) [   x:news_lookup] o.a.s.u.VersionInfo No terms found for _version_, cannot seed version bucket highest value from index
2018-09-13 06:56:34.824 INFO  (coreLoadExecutor-6-thread-1) [   x:news_lookup] o.a.s.u.UpdateLog Took 4.0ms to seed version buckets with highest version 1611474370132180992
2018-09-13 06:56:34.825 INFO  (coreLoadExecutor-6-thread-1) [   x:news_lookup] o.a.s.c.CoreContainer registering core: news_lookup
2018-09-13 06:56:40.959 INFO  (qtp1791930789-15) [   x:news_lookup] o.a.s.c.S.Request [news_lookup]  webapp=/solr path=/admin/luke params={numTerms=0&show=index&wt=json&_=1536821800918} status=0 QTime=7
2018-09-13 06:56:40.960 INFO  (qtp1791930789-16) [   ] o.a.s.s.HttpSolrCall [admin] webapp=null path=/admin/cores params={indexInfo=false&wt=json&_=1536821800805} status=0 QTime=20
2018-09-13 06:56:40.964 INFO  (qtp1791930789-14) [   x:news_lookup] o.a.s.c.S.Request [news_lookup]  webapp=/solr path=/replication params={wt=json&command=details&_=1536821800918} status=0 QTime=8
2018-09-13 06:56:40.969 INFO  (qtp1791930789-18) [   x:news_lookup] o.a.s.c.S.Request [news_lookup]  webapp=/solr path=/admin/ping params={action=status&wt=json&_=1536821800807&ts=1536821800807} status=503 QTime=2
2018-09-13 06:56:41.035 INFO  (qtp1791930789-12) [   x:news_lookup] o.a.s.c.S.Request [news_lookup]  webapp=/solr path=/admin/system params={wt=json&_=1536821800918} status=0 QTime=79
2018-09-13 06:56:41.040 INFO  (qtp1791930789-13) [   ] o.a.s.s.HttpSolrCall [admin] webapp=null path=/admin/info/system params={wt=json&_=1536821800807} status=0 QTime=105
2018-09-13 06:56:49.173 INFO  (qtp1791930789-20) [   x:news_lookup] o.a.s.u.p.LogUpdateProcessorFactory [news_lookup]  webapp=/solr path=/update params={wt=javabin&version=2}{add=[27 (1611474465303035904)]} 0 92
2018-09-13 06:56:49.211 INFO  (qtp1791930789-18) [   x:news_lookup] o.a.s.u.p.LogUpdateProcessorFactory [news_lookup]  webapp=/solr path=/update params={wt=javabin&version=2}{add=[10 (1611474465409990656)]} 0 5
2018-09-13 06:56:49.221 INFO  (qtp1791930789-14) [   x:news_lookup] o.a.s.u.DirectUpdateHandler2 start commit{,optimize=false,openSearcher=true,waitSearcher=true,expungeDeletes=false,softCommit=false,prepareCommit=false}
2018-09-13 06:56:49.321 INFO  (qtp1791930789-14) [   x:news_lookup] o.a.s.c.SolrDeletionPolicy SolrDeletionPolicy.onCommit: commits: num=2
	commit{dir=NRTCachingDirectory(MMapDirectory@/home/akash/Documents/News_ApacheSolr/solr-6.0.0/server/solr/news_lookup/data/index lockFactory=org.apache.lucene.store.NativeFSLockFactory@56ec1450; maxCacheMB=48.0 maxMergeSizeMB=4.0),segFN=segments_1,generation=1}
	commit{dir=NRTCachingDirectory(MMapDirectory@/home/akash/Documents/News_ApacheSolr/solr-6.0.0/server/solr/news_lookup/data/index lockFactory=org.apache.lucene.store.NativeFSLockFactory@56ec1450; maxCacheMB=48.0 maxMergeSizeMB=4.0),segFN=segments_2,generation=2}
2018-09-13 06:56:49.322 INFO  (qtp1791930789-14) [   x:news_lookup] o.a.s.c.SolrDeletionPolicy newest commit generation = 2
2018-09-13 06:56:49.353 INFO  (qtp1791930789-14) [   x:news_lookup] o.a.s.s.SolrIndexSearcher Opening [Searcher@6ccf972f[news_lookup] main]
2018-09-13 06:56:49.355 INFO  (qtp1791930789-14) [   x:news_lookup] o.a.s.u.DirectUpdateHandler2 end_commit_flush
2018-09-13 06:56:49.355 INFO  (searcherExecutor-7-thread-1-processing-x:news_lookup) [   x:news_lookup] o.a.s.c.SolrCore [news_lookup] Registered new searcher Searcher@6ccf972f[news_lookup] main{ExitableDirectoryReader(UninvertingDirectoryReader(Uninverting(_0(6.0.0):C2)))}
2018-09-13 06:56:49.356 INFO  (qtp1791930789-14) [   x:news_lookup] o.a.s.u.p.LogUpdateProcessorFactory [news_lookup]  webapp=/solr path=/update params={waitSearcher=true&commit=true&softCommit=false&wt=javabin&version=2}{commit=} 0 136
2018-09-13 06:56:53.889 INFO  (qtp1791930789-19) [   ] o.a.s.s.HttpSolrCall [admin] webapp=null path=/admin/cores params={indexInfo=false&wt=json&_=1536821813763} status=0 QTime=0
2018-09-13 06:56:53.903 INFO  (qtp1791930789-15) [   x:news_lookup] o.a.s.c.S.Request [news_lookup]  webapp=/solr path=/admin/luke params={numTerms=0&show=index&wt=json&_=1536821813877} status=0 QTime=2
2018-09-13 06:56:53.913 INFO  (qtp1791930789-20) [   ] o.a.s.s.HttpSolrCall [admin] webapp=null path=/admin/info/system params={wt=json&_=1536821813763} status=0 QTime=19
2018-09-13 06:56:53.914 INFO  (qtp1791930789-14) [   x:news_lookup] o.a.s.c.S.Request [news_lookup]  webapp=/solr path=/replication params={wt=json&command=details&_=1536821813878} status=0 QTime=1
2018-09-13 06:56:53.923 INFO  (qtp1791930789-13) [   x:news_lookup] o.a.s.c.S.Request [news_lookup]  webapp=/solr path=/admin/ping params={action=status&wt=json&_=1536821813763&ts=1536821813763} status=503 QTime=0
2018-09-13 06:56:53.935 INFO  (qtp1791930789-12) [   x:news_lookup] o.a.s.c.S.Request [news_lookup]  webapp=/solr path=/admin/system params={wt=json&_=1536821813877} status=0 QTime=11
