0    INFO  (main) [   ] o.e.j.u.log Logging initialized @337ms
200  INFO  (main) [   ] o.e.j.s.Server jetty-9.3.8.v20160314
217  INFO  (main) [   ] o.e.j.d.p.ScanningAppProvider Deployment monitor [file:///home/akash/Documents/News_ApacheSolr/solr-6.0.0/server/contexts/] at interval 0
476  INFO  (main) [   ] o.e.j.w.StandardDescriptorProcessor NO JSP Support for /solr, did not find org.apache.jasper.servlet.JspServlet
487  WARN  (main) [   ] o.e.j.s.SecurityHandler ServletContext@o.e.j.w.WebAppContext@5383967b{/solr,file:///home/akash/Documents/News_ApacheSolr/solr-6.0.0/server/solr-webapp/webapp/,STARTING}{/home/akash/Documents/News_ApacheSolr/solr-6.0.0/server/solr-webapp/webapp} has uncovered http methods for path: /
495  INFO  (main) [   ] o.a.s.s.SolrDispatchFilter SolrDispatchFilter.init(): WebAppClassLoader=1465085305@57536d79
510  INFO  (main) [   ] o.a.s.c.SolrResourceLoader JNDI not configured for solr (NoInitialContextEx)
510  INFO  (main) [   ] o.a.s.c.SolrResourceLoader using system property solr.solr.home: /home/akash/Documents/News_ApacheSolr/solr-6.0.0/server/solr
510  INFO  (main) [   ] o.a.s.c.SolrResourceLoader new SolrResourceLoader for directory: '/home/akash/Documents/News_ApacheSolr/solr-6.0.0/server/solr'
511  INFO  (main) [   ] o.a.s.c.SolrResourceLoader JNDI not configured for solr (NoInitialContextEx)
511  INFO  (main) [   ] o.a.s.c.SolrResourceLoader using system property solr.solr.home: /home/akash/Documents/News_ApacheSolr/solr-6.0.0/server/solr
516  INFO  (main) [   ] o.a.s.c.SolrXmlConfig Loading container configuration from /home/akash/Documents/News_ApacheSolr/solr-6.0.0/server/solr/solr.xml
586  INFO  (main) [   ] o.a.s.c.CorePropertiesLocator Config-defined core root directory: /home/akash/Documents/News_ApacheSolr/solr-6.0.0/server/solr
610  INFO  (main) [   ] o.a.s.c.CoreContainer New CoreContainer 1658926803
610  INFO  (main) [   ] o.a.s.c.CoreContainer Loading cores into CoreContainer [instanceDir=/home/akash/Documents/News_ApacheSolr/solr-6.0.0/server/solr]
610  WARN  (main) [   ] o.a.s.c.CoreContainer Couldn't add files from /home/akash/Documents/News_ApacheSolr/solr-6.0.0/server/solr/lib to classpath: /home/akash/Documents/News_ApacheSolr/solr-6.0.0/server/solr/lib
620  INFO  (main) [   ] o.a.s.h.c.HttpShardHandlerFactory created with socketTimeout : 600000,connTimeout : 60000,maxConnectionsPerHost : 20,maxConnections : 10000,corePoolSize : 0,maximumPoolSize : 2147483647,maxThreadIdleTime : 5,sizeOfQueue : -1,fairnessPolicy : false,useRetries : false,
978  INFO  (main) [   ] o.a.s.u.UpdateShardHandler Creating UpdateShardHandler HTTP client with params: socketTimeout=600000&connTimeout=60000&retry=true
981  INFO  (main) [   ] o.a.s.l.LogWatcher SLF4J impl is org.slf4j.impl.Log4jLoggerFactory
982  INFO  (main) [   ] o.a.s.l.LogWatcher Registering Log Listener [Log4j (org.slf4j.impl.Log4jLoggerFactory)]
984  INFO  (main) [   ] o.a.s.c.CoreContainer Security conf doesn't exist. Skipping setup for authorization module.
984  INFO  (main) [   ] o.a.s.c.CoreContainer No authentication plugin used.
1016 INFO  (main) [   ] o.a.s.c.CorePropertiesLocator Looking for core definitions underneath /home/akash/Documents/News_ApacheSolr/solr-6.0.0/server/solr
1020 INFO  (main) [   ] o.a.s.c.CoreDescriptor Created CoreDescriptor: {name=news_lookup, config=solrconfig.xml, loadOnStartup=true, schema=schema.xml, configSetProperties=configsetprops.json, transient=false, dataDir=data/}
1020 INFO  (main) [   ] o.a.s.c.CorePropertiesLocator Found core news_lookup in /home/akash/Documents/News_ApacheSolr/solr-6.0.0/server/solr/news_lookup
1026 INFO  (main) [   ] o.a.s.c.CorePropertiesLocator Found 1 core definitions
1032 INFO  (coreLoadExecutor-6-thread-1) [   ] o.a.s.c.SolrResourceLoader new SolrResourceLoader for directory: '/home/akash/Documents/News_ApacheSolr/solr-6.0.0/server/solr/news_lookup'
1032 INFO  (main) [   ] o.a.s.s.SolrDispatchFilter user.dir=/home/akash/Documents/News_ApacheSolr/solr-6.0.0/server
1032 INFO  (coreLoadExecutor-6-thread-1) [   ] o.a.s.c.SolrResourceLoader JNDI not configured for solr (NoInitialContextEx)
1032 INFO  (main) [   ] o.a.s.s.SolrDispatchFilter SolrDispatchFilter.init() done
1032 INFO  (coreLoadExecutor-6-thread-1) [   ] o.a.s.c.SolrResourceLoader using system property solr.solr.home: /home/akash/Documents/News_ApacheSolr/solr-6.0.0/server/solr
1047 INFO  (main) [   ] o.e.j.s.h.ContextHandler Started o.e.j.w.WebAppContext@5383967b{/solr,file:///home/akash/Documents/News_ApacheSolr/solr-6.0.0/server/solr-webapp/webapp/,AVAILABLE}{/home/akash/Documents/News_ApacheSolr/solr-6.0.0/server/solr-webapp/webapp}
1058 INFO  (main) [   ] o.e.j.s.ServerConnector Started ServerConnector@7a8c8dcf{HTTP/1.1,[http/1.1]}{0.0.0.0:8983}
1058 INFO  (main) [   ] o.e.j.s.Server Started @1397ms
1064 INFO  (coreLoadExecutor-6-thread-1) [   ] o.a.s.c.SolrConfig current version of requestparams : -1
1100 INFO  (coreLoadExecutor-6-thread-1) [   ] o.a.s.u.SolrIndexConfig IndexWriter infoStream solr logging is enabled
1106 INFO  (coreLoadExecutor-6-thread-1) [   ] o.a.s.c.SolrConfig Using Lucene MatchVersion: 6.0.0
1209 INFO  (coreLoadExecutor-6-thread-1) [   ] o.a.s.c.SolrConfig Loaded SolrConfig: solrconfig.xml
1253 INFO  (coreLoadExecutor-6-thread-1) [   ] o.a.s.s.IndexSchema [news_lookup] Schema name=example
1554 INFO  (coreLoadExecutor-6-thread-1) [   ] o.a.s.s.IndexSchema unique key field: id
1650 INFO  (coreLoadExecutor-6-thread-1) [   ] o.a.s.s.FileExchangeRateProvider Reloading exchange rates from file currency.xml
1657 INFO  (coreLoadExecutor-6-thread-1) [   ] o.a.s.s.FileExchangeRateProvider Reloading exchange rates from file currency.xml
1665 INFO  (coreLoadExecutor-6-thread-1) [   ] o.a.s.c.ConfigSetProperties Did not find ConfigSet properties, assuming default properties: Can't find resource 'configsetprops.json' in classpath or '/home/akash/Documents/News_ApacheSolr/solr-6.0.0/server/solr/news_lookup'
1665 INFO  (coreLoadExecutor-6-thread-1) [   ] o.a.s.c.CoreContainer Creating SolrCore 'news_lookup' using configuration from instancedir /home/akash/Documents/News_ApacheSolr/solr-6.0.0/server/solr/news_lookup
1683 INFO  (coreLoadExecutor-6-thread-1) [   x:news_lookup] o.a.s.c.SolrCore solr.NRTCachingDirectoryFactory
1693 INFO  (coreLoadExecutor-6-thread-1) [   x:news_lookup] o.a.s.c.SolrCore [[news_lookup] ] Opening new SolrCore at [/home/akash/Documents/News_ApacheSolr/solr-6.0.0/server/solr/news_lookup], dataDir=[/home/akash/Documents/News_ApacheSolr/solr-6.0.0/server/solr/news_lookup/data/]
1695 INFO  (coreLoadExecutor-6-thread-1) [   x:news_lookup] o.a.s.c.JmxMonitoredMap No JMX servers found, not exposing Solr information with JMX.
1698 INFO  (coreLoadExecutor-6-thread-1) [   x:news_lookup] o.a.s.c.SchemaCodecFactory Using default compressionMode: BEST_SPEED
1761 INFO  (coreLoadExecutor-6-thread-1) [   x:news_lookup] o.a.s.c.CachingDirectoryFactory return new directory for /home/akash/Documents/News_ApacheSolr/solr-6.0.0/server/solr/news_lookup/data
1762 INFO  (coreLoadExecutor-6-thread-1) [   x:news_lookup] o.a.s.c.SolrCore New index directory detected: old=null new=/home/akash/Documents/News_ApacheSolr/solr-6.0.0/server/solr/news_lookup/data/index/
1762 WARN  (coreLoadExecutor-6-thread-1) [   x:news_lookup] o.a.s.c.SolrCore [news_lookup] Solr index directory '/home/akash/Documents/News_ApacheSolr/solr-6.0.0/server/solr/news_lookup/data/index' doesn't exist. Creating new index...
1771 INFO  (coreLoadExecutor-6-thread-1) [   x:news_lookup] o.a.s.c.CachingDirectoryFactory return new directory for /home/akash/Documents/News_ApacheSolr/solr-6.0.0/server/solr/news_lookup/data/index
1824 INFO  (coreLoadExecutor-6-thread-1) [   x:news_lookup] o.a.s.c.SolrDeletionPolicy SolrDeletionPolicy.onCommit: commits: num=1
	commit{dir=NRTCachingDirectory(MMapDirectory@/home/akash/Documents/News_ApacheSolr/solr-6.0.0/server/solr/news_lookup/data/index lockFactory=org.apache.lucene.store.NativeFSLockFactory@56ec1450; maxCacheMB=48.0 maxMergeSizeMB=4.0),segFN=segments_1,generation=1}
1825 INFO  (coreLoadExecutor-6-thread-1) [   x:news_lookup] o.a.s.c.SolrDeletionPolicy newest commit generation = 1
1826 INFO  (OldIndexDirectoryCleanupThreadForCore-news_lookup) [   x:news_lookup] o.a.s.c.SolrCore Looking for old index directories to cleanup for core news_lookup in /home/akash/Documents/News_ApacheSolr/solr-6.0.0/server/solr/news_lookup/data/
1911 INFO  (coreLoadExecutor-6-thread-1) [   x:news_lookup] o.a.s.c.SolrCore no updateRequestProcessorChain defined as default, creating implicit default
1934 INFO  (coreLoadExecutor-6-thread-1) [   x:news_lookup] o.a.s.h.l.XMLLoader xsltCacheLifetimeSeconds=60
1936 INFO  (coreLoadExecutor-6-thread-1) [   x:news_lookup] o.a.s.h.l.XMLLoader xsltCacheLifetimeSeconds=60
1937 INFO  (coreLoadExecutor-6-thread-1) [   x:news_lookup] o.a.s.h.l.XMLLoader xsltCacheLifetimeSeconds=60
1938 INFO  (coreLoadExecutor-6-thread-1) [   x:news_lookup] o.a.s.h.l.XMLLoader xsltCacheLifetimeSeconds=60
1992 INFO  (coreLoadExecutor-6-thread-1) [   x:news_lookup] o.a.s.c.PluginBag requestHandler : '/analysis/field' created with startup=lazy 
1992 INFO  (coreLoadExecutor-6-thread-1) [   x:news_lookup] o.a.s.c.PluginBag requestHandler : '/analysis/document' created with startup=lazy 
1993 INFO  (coreLoadExecutor-6-thread-1) [   x:news_lookup] o.a.s.c.PluginBag requestHandler : '/terms' created with startup=lazy 
1994 INFO  (coreLoadExecutor-6-thread-1) [   x:news_lookup] o.a.s.c.RequestHandlers Registered paths: /admin/mbeans,/update/json/docs,/admin/luke,/export,/get,/admin/properties,/update/json,/admin/threads,/query,/analysis/field,/analysis/document,/update/csv,/sql,/select,/admin/segments,/admin/system,/replication,/config,/stream,/schema,/admin/plugins,/admin/logging,/admin/ping,/update,/admin/file,/debug/dump,/terms
1994 INFO  (coreLoadExecutor-6-thread-1) [   x:news_lookup] o.a.s.c.SolrCore Using default statsCache cache: org.apache.solr.search.stats.LocalStatsCache
2002 INFO  (coreLoadExecutor-6-thread-1) [   x:news_lookup] o.a.s.u.UpdateHandler Using UpdateLog implementation: org.apache.solr.update.UpdateLog
2002 INFO  (coreLoadExecutor-6-thread-1) [   x:news_lookup] o.a.s.u.UpdateLog Initializing UpdateLog: dataDir= defaultSyncLevel=FLUSH numRecordsToKeep=100 maxNumLogsToKeep=10 numVersionBuckets=65536
2017 INFO  (coreLoadExecutor-6-thread-1) [   x:news_lookup] o.a.s.u.CommitTracker Hard AutoCommit: if uncommited for 15000ms; 
2017 INFO  (coreLoadExecutor-6-thread-1) [   x:news_lookup] o.a.s.u.CommitTracker Soft AutoCommit: disabled
2023 INFO  (coreLoadExecutor-6-thread-1) [   x:news_lookup] o.a.s.c.SolrDeletionPolicy SolrDeletionPolicy.onInit: commits: num=1
	commit{dir=NRTCachingDirectory(MMapDirectory@/home/akash/Documents/News_ApacheSolr/solr-6.0.0/server/solr/news_lookup/data/index lockFactory=org.apache.lucene.store.NativeFSLockFactory@56ec1450; maxCacheMB=48.0 maxMergeSizeMB=4.0),segFN=segments_1,generation=1}
2024 INFO  (coreLoadExecutor-6-thread-1) [   x:news_lookup] o.a.s.c.SolrDeletionPolicy newest commit generation = 1
2034 INFO  (coreLoadExecutor-6-thread-1) [   x:news_lookup] o.a.s.s.SolrIndexSearcher Opening [Searcher@4bb75070[news_lookup] main]
2040 INFO  (coreLoadExecutor-6-thread-1) [   x:news_lookup] o.a.s.r.ManagedResourceStorage File-based storage initialized to use dir: /home/akash/Documents/News_ApacheSolr/solr-6.0.0/server/solr/news_lookup/conf
2040 INFO  (coreLoadExecutor-6-thread-1) [   x:news_lookup] o.a.s.r.RestManager Initializing RestManager with initArgs: {storageDir=/home/akash/Documents/News_ApacheSolr/solr-6.0.0/server/solr/news_lookup/conf}
2053 INFO  (coreLoadExecutor-6-thread-1) [   x:news_lookup] o.a.s.r.ManagedResourceStorage Reading _rest_managed.json using file:dir=/home/akash/Documents/News_ApacheSolr/solr-6.0.0/server/solr/news_lookup/conf
2053 INFO  (coreLoadExecutor-6-thread-1) [   x:news_lookup] o.a.s.r.ManagedResourceStorage Loaded LinkedHashMap at path _rest_managed.json using file:dir=/home/akash/Documents/News_ApacheSolr/solr-6.0.0/server/solr/news_lookup/conf
2054 INFO  (coreLoadExecutor-6-thread-1) [   x:news_lookup] o.a.s.r.ManagedResource Loaded initArgs {} for /rest/managed
2054 INFO  (coreLoadExecutor-6-thread-1) [   x:news_lookup] o.a.s.r.RestManager Initializing 0 registered ManagedResources
2063 INFO  (coreLoadExecutor-6-thread-1) [   x:news_lookup] o.a.s.h.ReplicationHandler Commits will be reserved for  10000
2075 INFO  (searcherExecutor-7-thread-1-processing-x:news_lookup) [   x:news_lookup] o.a.s.c.SolrCore [news_lookup] Registered new searcher Searcher@4bb75070[news_lookup] main{ExitableDirectoryReader(UninvertingDirectoryReader())}
2076 INFO  (coreLoadExecutor-6-thread-1) [   x:news_lookup] o.a.s.u.UpdateLog Looking up max value of version field to seed version buckets
2077 INFO  (coreLoadExecutor-6-thread-1) [   x:news_lookup] o.a.s.u.VersionInfo Refreshing highest value of _version_ for 65536 version buckets from index
2077 INFO  (coreLoadExecutor-6-thread-1) [   x:news_lookup] o.a.s.u.VersionInfo No terms found for _version_, cannot seed version bucket highest value from index
2081 INFO  (coreLoadExecutor-6-thread-1) [   x:news_lookup] o.a.s.u.UpdateLog Took 4.0ms to seed version buckets with highest version 1611474370132180992
2082 INFO  (coreLoadExecutor-6-thread-1) [   x:news_lookup] o.a.s.c.CoreContainer registering core: news_lookup
8216 INFO  (qtp1791930789-15) [   x:news_lookup] o.a.s.c.S.Request [news_lookup]  webapp=/solr path=/admin/luke params={numTerms=0&show=index&wt=json&_=1536821800918} status=0 QTime=7
8217 INFO  (qtp1791930789-16) [   ] o.a.s.s.HttpSolrCall [admin] webapp=null path=/admin/cores params={indexInfo=false&wt=json&_=1536821800805} status=0 QTime=20
8221 INFO  (qtp1791930789-14) [   x:news_lookup] o.a.s.c.S.Request [news_lookup]  webapp=/solr path=/replication params={wt=json&command=details&_=1536821800918} status=0 QTime=8
8226 INFO  (qtp1791930789-18) [   x:news_lookup] o.a.s.c.S.Request [news_lookup]  webapp=/solr path=/admin/ping params={action=status&wt=json&_=1536821800807&ts=1536821800807} status=503 QTime=2
8292 INFO  (qtp1791930789-12) [   x:news_lookup] o.a.s.c.S.Request [news_lookup]  webapp=/solr path=/admin/system params={wt=json&_=1536821800918} status=0 QTime=79
8297 INFO  (qtp1791930789-13) [   ] o.a.s.s.HttpSolrCall [admin] webapp=null path=/admin/info/system params={wt=json&_=1536821800807} status=0 QTime=105
16430 INFO  (qtp1791930789-20) [   x:news_lookup] o.a.s.u.p.LogUpdateProcessorFactory [news_lookup]  webapp=/solr path=/update params={wt=javabin&version=2}{add=[27 (1611474465303035904)]} 0 92
16468 INFO  (qtp1791930789-18) [   x:news_lookup] o.a.s.u.p.LogUpdateProcessorFactory [news_lookup]  webapp=/solr path=/update params={wt=javabin&version=2}{add=[10 (1611474465409990656)]} 0 5
16478 INFO  (qtp1791930789-14) [   x:news_lookup] o.a.s.u.DirectUpdateHandler2 start commit{,optimize=false,openSearcher=true,waitSearcher=true,expungeDeletes=false,softCommit=false,prepareCommit=false}
16578 INFO  (qtp1791930789-14) [   x:news_lookup] o.a.s.c.SolrDeletionPolicy SolrDeletionPolicy.onCommit: commits: num=2
	commit{dir=NRTCachingDirectory(MMapDirectory@/home/akash/Documents/News_ApacheSolr/solr-6.0.0/server/solr/news_lookup/data/index lockFactory=org.apache.lucene.store.NativeFSLockFactory@56ec1450; maxCacheMB=48.0 maxMergeSizeMB=4.0),segFN=segments_1,generation=1}
	commit{dir=NRTCachingDirectory(MMapDirectory@/home/akash/Documents/News_ApacheSolr/solr-6.0.0/server/solr/news_lookup/data/index lockFactory=org.apache.lucene.store.NativeFSLockFactory@56ec1450; maxCacheMB=48.0 maxMergeSizeMB=4.0),segFN=segments_2,generation=2}
16579 INFO  (qtp1791930789-14) [   x:news_lookup] o.a.s.c.SolrDeletionPolicy newest commit generation = 2
16610 INFO  (qtp1791930789-14) [   x:news_lookup] o.a.s.s.SolrIndexSearcher Opening [Searcher@6ccf972f[news_lookup] main]
16612 INFO  (qtp1791930789-14) [   x:news_lookup] o.a.s.u.DirectUpdateHandler2 end_commit_flush
16612 INFO  (searcherExecutor-7-thread-1-processing-x:news_lookup) [   x:news_lookup] o.a.s.c.SolrCore [news_lookup] Registered new searcher Searcher@6ccf972f[news_lookup] main{ExitableDirectoryReader(UninvertingDirectoryReader(Uninverting(_0(6.0.0):C2)))}
16613 INFO  (qtp1791930789-14) [   x:news_lookup] o.a.s.u.p.LogUpdateProcessorFactory [news_lookup]  webapp=/solr path=/update params={waitSearcher=true&commit=true&softCommit=false&wt=javabin&version=2}{commit=} 0 136
21146 INFO  (qtp1791930789-19) [   ] o.a.s.s.HttpSolrCall [admin] webapp=null path=/admin/cores params={indexInfo=false&wt=json&_=1536821813763} status=0 QTime=0
21160 INFO  (qtp1791930789-15) [   x:news_lookup] o.a.s.c.S.Request [news_lookup]  webapp=/solr path=/admin/luke params={numTerms=0&show=index&wt=json&_=1536821813877} status=0 QTime=2
21170 INFO  (qtp1791930789-20) [   ] o.a.s.s.HttpSolrCall [admin] webapp=null path=/admin/info/system params={wt=json&_=1536821813763} status=0 QTime=19
21171 INFO  (qtp1791930789-14) [   x:news_lookup] o.a.s.c.S.Request [news_lookup]  webapp=/solr path=/replication params={wt=json&command=details&_=1536821813878} status=0 QTime=1
21180 INFO  (qtp1791930789-13) [   x:news_lookup] o.a.s.c.S.Request [news_lookup]  webapp=/solr path=/admin/ping params={action=status&wt=json&_=1536821813763&ts=1536821813763} status=503 QTime=0
21192 INFO  (qtp1791930789-12) [   x:news_lookup] o.a.s.c.S.Request [news_lookup]  webapp=/solr path=/admin/system params={wt=json&_=1536821813877} status=0 QTime=11
